[[1;34mINFO[m] Scanning for projects...
[[1;33mWARNING[m] 
[[1;33mWARNING[m] Some problems were encountered while building the effective model for org.apache.commons:commons-jcs3-core:jar:3.1
[[1;33mWARNING[m] 'dependencies.dependency.(groupId:artifactId:type:classifier)' must be unique: junit:junit:jar -> version 4.12 vs (?) @ line 101, column 17
[[1;33mWARNING[m] 
[[1;33mWARNING[m] Some problems were encountered while building the effective model for org.apache.commons:commons-jcs3-jcache-tck:jar:3.1
[[1;33mWARNING[m] 'dependencies.dependency.(groupId:artifactId:type:classifier)' must be unique: junit:junit:jar -> version 4.12 vs (?) @ line 89, column 17
[[1;33mWARNING[m] 
[[1;33mWARNING[m] Some problems were encountered while building the effective model for org.apache.commons:commons-jcs3-jcache-extras:jar:3.1
[[1;33mWARNING[m] 'dependencies.dependency.(groupId:artifactId:type:classifier)' must be unique: junit:junit:jar -> version (?) vs 4.12 @ line 117, column 17
[[1;33mWARNING[m] 
[[1;33mWARNING[m] Some problems were encountered while building the effective model for org.apache.commons:commons-jcs3-jcache-openjpa:jar:3.1
[[1;33mWARNING[m] 'dependencies.dependency.(groupId:artifactId:type:classifier)' must be unique: junit:junit:jar -> version 4.12 vs (?) @ line 73, column 17
[[1;33mWARNING[m] 
[[1;33mWARNING[m] It is highly recommended to fix these problems because they threaten the stability of your build.
[[1;33mWARNING[m] 
[[1;33mWARNING[m] For this reason, future Maven versions might no longer support building such malformed projects.
[[1;33mWARNING[m] 
[[1;34mINFO[m] [1m------------------------------------------------------------------------[m
[[1;34mINFO[m] [1mReactor Build Order:[m
[[1;34mINFO[m] 
[[1;34mINFO[m] Apache Commons JCS                                                 [pom]
[[1;34mINFO[m] Apache Commons JCS :: Core                                         [jar]
[[1;34mINFO[m] Apache Commons JCS :: JCache TCK                                   [jar]
[[1;34mINFO[m] Apache Commons JCS :: JCache Extras                                [jar]
[[1;34mINFO[m] Apache Commons JCS :: JCache OpenJPA                               [jar]
[[1;34mINFO[m] Apache Commons JCS :: Distribution                                 [pom]
[[1;34mINFO[m] 
[[1;34mINFO[m] [1m------------------< [0;36morg.apache.commons:commons-jcs3[0;1m >-------------------[m
[[1;34mINFO[m] [1mBuilding Apache Commons JCS 3.1                                    [1/6][m
[[1;34mINFO[m] [1m--------------------------------[ pom ]---------------------------------[m
[[1;34mINFO[m] 
[[1;34mINFO[m] [1m--- [0;32mmaven-clean-plugin:3.1.0:clean[m [1m(default-clean)[m @ [36mcommons-jcs3[0;1m ---[m
[[1;34mINFO[m] Deleting /media/ISSTA_USER/extradrive1/toga-eval-issta-2023/oct172022/toga-eval-issta-2023/evosuite-artifacts/commons-jcs3-3.1-src/target
[[1;34mINFO[m] 
[[1;34mINFO[m] [1m--- [0;32mmaven-enforcer-plugin:3.0.0-M3:enforce[m [1m(enforce-maven-version)[m @ [36mcommons-jcs3[0;1m ---[m
[[1;34mINFO[m] 
[[1;34mINFO[m] [1m--- [0;32mmaven-enforcer-plugin:3.0.0-M3:enforce[m [1m(enforce-maven-3)[m @ [36mcommons-jcs3[0;1m ---[m
[[1;34mINFO[m] 
[[1;34mINFO[m] [1m--- [0;32mapache-rat-plugin:0.13:check[m [1m(rat-check)[m @ [36mcommons-jcs3[0;1m ---[m
[[1;34mINFO[m] RAT will not execute since it is configured to be skipped via system property 'rat.skip'.
[[1;34mINFO[m] 
[[1;34mINFO[m] [1m--- [0;32mbuild-helper-maven-plugin:3.2.0:parse-version[m [1m(parse-version)[m @ [36mcommons-jcs3[0;1m ---[m
[[1;34mINFO[m] 
[[1;34mINFO[m] [1m--- [0;32mmaven-antrun-plugin:1.8:run[m [1m(javadoc.resources)[m @ [36mcommons-jcs3[0;1m ---[m
[[1;34mINFO[m] Skipping Antrun execution
[[1;34mINFO[m] 
[[1;34mINFO[m] [1m--- [0;32mmaven-remote-resources-plugin:1.7.0:process[m [1m(process-resource-bundles)[m @ [36mcommons-jcs3[0;1m ---[m
[[1;34mINFO[m] Preparing remote bundle org.apache:apache-jar-resource-bundle:1.4
[[1;34mINFO[m] Copying 3 resources from 1 bundle.
[[1;34mINFO[m] 
[[1;34mINFO[m] [1m--- [0;32mbuildnumber-maven-plugin:1.4:create[m [1m(default)[m @ [36mcommons-jcs3[0;1m ---[m
[[1;34mINFO[m] Executing: /bin/sh -c cd '/media/ISSTA_USER/extradrive1/toga-eval-issta-2023/oct172022/toga-eval-issta-2023/evosuite-artifacts/commons-jcs3-3.1-src' && 'git' 'rev-parse' '--verify' 'HEAD'
[[1;34mINFO[m] Working directory: /media/ISSTA_USER/extradrive1/toga-eval-issta-2023/oct172022/toga-eval-issta-2023/evosuite-artifacts/commons-jcs3-3.1-src
[[1;34mINFO[m] Storing buildNumber: 9407b39a8593fec7f48223b40269cfb323fdff74 at timestamp: 1666036154838
[[1;34mINFO[m] Storing buildScmBranch: master
[[1;34mINFO[m] 
[[1;34mINFO[m] [1m--- [0;32mmaven-bundle-plugin:5.1.1:manifest[m [1m(bundle-manifest)[m @ [36mcommons-jcs3[0;1m ---[m
[[1;33mWARNING[m] Ignoring project type pom - supportedProjectTypes = [jar, bundle]
[[1;34mINFO[m] 
[[1;34mINFO[m] [1m--- [0;32mevosuite-maven-plugin:1.0.6:prepare[m [1m(default)[m @ [36mcommons-jcs3[0;1m ---[m
[[1;34mINFO[m] Preparing EvoSuite tests for execution
[[1;34mINFO[m] Analyzing test folder: /media/ISSTA_USER/extradrive1/toga-eval-issta-2023/oct172022/toga-eval-issta-2023/evosuite-artifacts/commons-jcs3-3.1-src/target/test-classes
[[1;33mWARNING[m] Target folder for compiled tests does not exist: /media/ISSTA_USER/extradrive1/toga-eval-issta-2023/oct172022/toga-eval-issta-2023/evosuite-artifacts/commons-jcs3-3.1-src/target/test-classes
[[1;34mINFO[m] 
[[1;34mINFO[m] [1m--- [0;32manimal-sniffer-maven-plugin:1.19:check[m [1m(checkAPIcompatibility)[m @ [36mcommons-jcs3[0;1m ---[m
[[1;34mINFO[m] Checking unresolved references to org.codehaus.mojo.signature:java18:1.0
[[1;34mINFO[m] 
[[1;34mINFO[m] [1m----------------< [0;36morg.apache.commons:commons-jcs3-core[0;1m >----------------[m
[[1;34mINFO[m] [1mBuilding Apache Commons JCS :: Core 3.1                            [2/6][m
[[1;34mINFO[m] [1m--------------------------------[ jar ]---------------------------------[m
[[1;34mINFO[m] 
[[1;34mINFO[m] [1m--- [0;32mmaven-clean-plugin:3.1.0:clean[m [1m(default-clean)[m @ [36mcommons-jcs3-core[0;1m ---[m
[[1;34mINFO[m] Deleting /media/ISSTA_USER/extradrive1/toga-eval-issta-2023/oct172022/toga-eval-issta-2023/evosuite-artifacts/commons-jcs3-3.1-src/commons-jcs-core/target
[[1;34mINFO[m] 
[[1;34mINFO[m] [1m--- [0;32mmaven-enforcer-plugin:3.0.0-M3:enforce[m [1m(enforce-maven-version)[m @ [36mcommons-jcs3-core[0;1m ---[m
[[1;34mINFO[m] 
[[1;34mINFO[m] [1m--- [0;32mmaven-enforcer-plugin:3.0.0-M3:enforce[m [1m(enforce-maven-3)[m @ [36mcommons-jcs3-core[0;1m ---[m
[[1;34mINFO[m] 
[[1;34mINFO[m] [1m--- [0;32mapache-rat-plugin:0.13:check[m [1m(rat-check)[m @ [36mcommons-jcs3-core[0;1m ---[m
[[1;34mINFO[m] RAT will not execute since it is configured to be skipped via system property 'rat.skip'.
[[1;34mINFO[m] 
[[1;34mINFO[m] [1m--- [0;32mbuild-helper-maven-plugin:3.2.0:parse-version[m [1m(parse-version)[m @ [36mcommons-jcs3-core[0;1m ---[m
[[1;34mINFO[m] 
[[1;34mINFO[m] [1m--- [0;32mmaven-antrun-plugin:1.8:run[m [1m(javadoc.resources)[m @ [36mcommons-jcs3-core[0;1m ---[m
[[1;34mINFO[m] Skipping Antrun execution
[[1;34mINFO[m] 
[[1;34mINFO[m] [1m--- [0;32mmaven-remote-resources-plugin:1.7.0:process[m [1m(process-resource-bundles)[m @ [36mcommons-jcs3-core[0;1m ---[m
[[1;34mINFO[m] Preparing remote bundle org.apache:apache-jar-resource-bundle:1.4
[[1;34mINFO[m] Copying 3 resources from 1 bundle.
[[1;34mINFO[m] 
[[1;34mINFO[m] [1m--- [0;32mbuildnumber-maven-plugin:1.4:create[m [1m(default)[m @ [36mcommons-jcs3-core[0;1m ---[m
[[1;34mINFO[m] Executing: /bin/sh -c cd '/media/ISSTA_USER/extradrive1/toga-eval-issta-2023/oct172022/toga-eval-issta-2023/evosuite-artifacts/commons-jcs3-3.1-src/commons-jcs-core' && 'git' 'rev-parse' '--verify' 'HEAD'
[[1;34mINFO[m] Working directory: /media/ISSTA_USER/extradrive1/toga-eval-issta-2023/oct172022/toga-eval-issta-2023/evosuite-artifacts/commons-jcs3-3.1-src/commons-jcs-core
[[1;34mINFO[m] Storing buildNumber: 9407b39a8593fec7f48223b40269cfb323fdff74 at timestamp: 1666036155695
[[1;34mINFO[m] Storing buildScmBranch: master
[[1;34mINFO[m] 
[[1;34mINFO[m] [1m--- [0;32mmaven-resources-plugin:3.1.0:resources[m [1m(default-resources)[m @ [36mcommons-jcs3-core[0;1m ---[m
[[1;34mINFO[m] Using 'UTF-8' encoding to copy filtered resources.
[[1;34mINFO[m] Copying 1 resource
[[1;34mINFO[m] Copying 0 resource to META-INF
[[1;34mINFO[m] Copying 3 resources
[[1;34mINFO[m] 
[[1;34mINFO[m] [1m--- [0;32mmaven-compiler-plugin:3.8.1:compile[m [1m(default-compile)[m @ [36mcommons-jcs3-core[0;1m ---[m
[[1;34mINFO[m] Changes detected - recompiling the module!
[[1;34mINFO[m] Compiling 233 source files to /media/ISSTA_USER/extradrive1/toga-eval-issta-2023/oct172022/toga-eval-issta-2023/evosuite-artifacts/commons-jcs3-3.1-src/commons-jcs-core/target/classes
[[1;34mINFO[m] /media/ISSTA_USER/extradrive1/toga-eval-issta-2023/oct172022/toga-eval-issta-2023/evosuite-artifacts/commons-jcs3-3.1-src/commons-jcs-core/src/main/java/org/apache/commons/jcs3/utils/config/PropertySetter.java: /media/ISSTA_USER/extradrive1/toga-eval-issta-2023/oct172022/toga-eval-issta-2023/evosuite-artifacts/commons-jcs3-3.1-src/commons-jcs-core/src/main/java/org/apache/commons/jcs3/utils/config/PropertySetter.java uses unchecked or unsafe operations.
[[1;34mINFO[m] /media/ISSTA_USER/extradrive1/toga-eval-issta-2023/oct172022/toga-eval-issta-2023/evosuite-artifacts/commons-jcs3-3.1-src/commons-jcs-core/src/main/java/org/apache/commons/jcs3/utils/config/PropertySetter.java: Recompile with -Xlint:unchecked for details.
[[1;34mINFO[m] 
[[1;34mINFO[m] [1m--- [0;32mmaven-bundle-plugin:5.1.1:manifest[m [1m(bundle-manifest)[m @ [36mcommons-jcs3-core[0;1m ---[m
[[1;34mINFO[m] 
[[1;34mINFO[m] [1m--- [0;32mmaven-resources-plugin:3.1.0:testResources[m [1m(default-testResources)[m @ [36mcommons-jcs3-core[0;1m ---[m
[[1;34mINFO[m] Using 'UTF-8' encoding to copy filtered resources.
[[1;34mINFO[m] skip non existing resourceDirectory /media/ISSTA_USER/extradrive1/toga-eval-issta-2023/oct172022/toga-eval-issta-2023/evosuite-artifacts/commons-jcs3-3.1-src/commons-jcs-core/src/test/test-conf
[[1;34mINFO[m] Copying 3 resources
[[1;34mINFO[m] 
[[1;34mINFO[m] [1m--- [0;32mmaven-compiler-plugin:3.8.1:testCompile[m [1m(default-testCompile)[m @ [36mcommons-jcs3-core[0;1m ---[m
[[1;34mINFO[m] Changes detected - recompiling the module!
[[1;34mINFO[m] Compiling 298 source files to /media/ISSTA_USER/extradrive1/toga-eval-issta-2023/oct172022/toga-eval-issta-2023/evosuite-artifacts/commons-jcs3-3.1-src/commons-jcs-core/target/test-classes
[[1;34mINFO[m] /media/ISSTA_USER/extradrive1/toga-eval-issta-2023/oct172022/toga-eval-issta-2023/evosuite-artifacts/commons-jcs3-3.1-src/commons-jcs-core/src/test/java/org/apache/commons/jcs3/utils/discovery/UDPDiscoverySenderThread_ESTest.java: Some input files use or override a deprecated API.
[[1;34mINFO[m] /media/ISSTA_USER/extradrive1/toga-eval-issta-2023/oct172022/toga-eval-issta-2023/evosuite-artifacts/commons-jcs3-3.1-src/commons-jcs-core/src/test/java/org/apache/commons/jcs3/utils/discovery/UDPDiscoverySenderThread_ESTest.java: Recompile with -Xlint:deprecation for details.
[[1;34mINFO[m] /media/ISSTA_USER/extradrive1/toga-eval-issta-2023/oct172022/toga-eval-issta-2023/evosuite-artifacts/commons-jcs3-3.1-src/commons-jcs-core/src/test/java/org/apache/commons/jcs3/auxiliary/remote/http/server/RemoteHttpCacheServlet_ESTest.java: Some input files use unchecked or unsafe operations.
[[1;34mINFO[m] /media/ISSTA_USER/extradrive1/toga-eval-issta-2023/oct172022/toga-eval-issta-2023/evosuite-artifacts/commons-jcs3-3.1-src/commons-jcs-core/src/test/java/org/apache/commons/jcs3/auxiliary/remote/http/server/RemoteHttpCacheServlet_ESTest.java: Recompile with -Xlint:unchecked for details.
[[1;34mINFO[m] 
[[1;34mINFO[m] [1m--- [0;32mevosuite-maven-plugin:1.0.6:prepare[m [1m(default)[m @ [36mcommons-jcs3-core[0;1m ---[m
[[1;34mINFO[m] Preparing EvoSuite tests for execution
[[1;34mINFO[m] Analyzing test folder: /media/ISSTA_USER/extradrive1/toga-eval-issta-2023/oct172022/toga-eval-issta-2023/evosuite-artifacts/commons-jcs3-3.1-src/commons-jcs-core/target/test-classes
[[1;34mINFO[m] Found 149 EvoSuite scaffolding files
[[1;34mINFO[m] 
[[1;34mINFO[m] [1m--- [0;32mmaven-surefire-plugin:2.17:test[m [1m(default-test)[m @ [36mcommons-jcs3-core[0;1m ---[m
[[1;34mINFO[m] 
[[1;34mINFO[m] [1m-------------< [0;36morg.apache.commons:commons-jcs3-jcache-tck[0;1m >-------------[m
[[1;34mINFO[m] [1mBuilding Apache Commons JCS :: JCache TCK 3.1                      [3/6][m
[[1;34mINFO[m] [1m--------------------------------[ jar ]---------------------------------[m
[[1;34mINFO[m] 
[[1;34mINFO[m] [1m--- [0;32mmaven-clean-plugin:3.1.0:clean[m [1m(default-clean)[m @ [36mcommons-jcs3-jcache-tck[0;1m ---[m
[[1;34mINFO[m] Deleting /media/ISSTA_USER/extradrive1/toga-eval-issta-2023/oct172022/toga-eval-issta-2023/evosuite-artifacts/commons-jcs3-3.1-src/commons-jcs-tck-tests/target
[[1;34mINFO[m] 
[[1;34mINFO[m] [1m--- [0;32mmaven-enforcer-plugin:3.0.0-M3:enforce[m [1m(enforce-maven-version)[m @ [36mcommons-jcs3-jcache-tck[0;1m ---[m
[[1;34mINFO[m] 
[[1;34mINFO[m] [1m--- [0;32mmaven-enforcer-plugin:3.0.0-M3:enforce[m [1m(enforce-maven-3)[m @ [36mcommons-jcs3-jcache-tck[0;1m ---[m
[[1;34mINFO[m] 
[[1;34mINFO[m] [1m--- [0;32mapache-rat-plugin:0.13:check[m [1m(rat-check)[m @ [36mcommons-jcs3-jcache-tck[0;1m ---[m
[[1;34mINFO[m] RAT will not execute since it is configured to be skipped via system property 'rat.skip'.
[[1;34mINFO[m] 
[[1;34mINFO[m] [1m--- [0;32mbuild-helper-maven-plugin:3.2.0:parse-version[m [1m(parse-version)[m @ [36mcommons-jcs3-jcache-tck[0;1m ---[m
[[1;34mINFO[m] 
[[1;34mINFO[m] [1m--- [0;32mmaven-antrun-plugin:1.8:run[m [1m(javadoc.resources)[m @ [36mcommons-jcs3-jcache-tck[0;1m ---[m
[[1;34mINFO[m] Skipping Antrun execution
[[1;34mINFO[m] 
[[1;34mINFO[m] [1m--- [0;32mmaven-remote-resources-plugin:1.7.0:process[m [1m(process-resource-bundles)[m @ [36mcommons-jcs3-jcache-tck[0;1m ---[m
[[1;34mINFO[m] Preparing remote bundle org.apache:apache-jar-resource-bundle:1.4
[[1;34mINFO[m] Copying 3 resources from 1 bundle.
[[1;34mINFO[m] 
[[1;34mINFO[m] [1m--- [0;32mbuildnumber-maven-plugin:1.4:create[m [1m(default)[m @ [36mcommons-jcs3-jcache-tck[0;1m ---[m
[[1;34mINFO[m] Executing: /bin/sh -c cd '/media/ISSTA_USER/extradrive1/toga-eval-issta-2023/oct172022/toga-eval-issta-2023/evosuite-artifacts/commons-jcs3-3.1-src/commons-jcs-tck-tests' && 'git' 'rev-parse' '--verify' 'HEAD'
[[1;34mINFO[m] Working directory: /media/ISSTA_USER/extradrive1/toga-eval-issta-2023/oct172022/toga-eval-issta-2023/evosuite-artifacts/commons-jcs3-3.1-src/commons-jcs-tck-tests
[[1;34mINFO[m] Storing buildNumber: 9407b39a8593fec7f48223b40269cfb323fdff74 at timestamp: 1666036159381
[[1;34mINFO[m] Storing buildScmBranch: master
[[1;34mINFO[m] 
[[1;34mINFO[m] [1m--- [0;32mmaven-resources-plugin:3.1.0:resources[m [1m(default-resources)[m @ [36mcommons-jcs3-jcache-tck[0;1m ---[m
[[1;34mINFO[m] Using 'UTF-8' encoding to copy filtered resources.
[[1;34mINFO[m] skip non existing resourceDirectory /media/ISSTA_USER/extradrive1/toga-eval-issta-2023/oct172022/toga-eval-issta-2023/evosuite-artifacts/commons-jcs3-3.1-src/commons-jcs-tck-tests/src/main/resources
[[1;34mINFO[m] Copying 0 resource to META-INF
[[1;34mINFO[m] Copying 3 resources
[[1;34mINFO[m] 
[[1;34mINFO[m] [1m--- [0;32mmaven-compiler-plugin:3.8.1:compile[m [1m(default-compile)[m @ [36mcommons-jcs3-jcache-tck[0;1m ---[m
[[1;34mINFO[m] No sources to compile
[[1;34mINFO[m] 
[[1;34mINFO[m] [1m--- [0;32mmaven-bundle-plugin:5.1.1:manifest[m [1m(bundle-manifest)[m @ [36mcommons-jcs3-jcache-tck[0;1m ---[m
[[1;33mWARNING[m] Manifest org.apache.commons:commons-jcs3-jcache-tck:jar:3.1 : Unused Export-Package instructions: [org.apache.commons.*] 
[[1;34mINFO[m] 
[[1;34mINFO[m] [1m--- [0;32mmaven-resources-plugin:3.1.0:testResources[m [1m(default-testResources)[m @ [36mcommons-jcs3-jcache-tck[0;1m ---[m
[[1;34mINFO[m] Using 'UTF-8' encoding to copy filtered resources.
[[1;34mINFO[m] skip non existing resourceDirectory /media/ISSTA_USER/extradrive1/toga-eval-issta-2023/oct172022/toga-eval-issta-2023/evosuite-artifacts/commons-jcs3-3.1-src/commons-jcs-tck-tests/src/test/resources
[[1;34mINFO[m] Copying 3 resources
[[1;34mINFO[m] 
[[1;34mINFO[m] [1m--- [0;32mmaven-compiler-plugin:3.8.1:testCompile[m [1m(default-testCompile)[m @ [36mcommons-jcs3-jcache-tck[0;1m ---[m
[[1;34mINFO[m] No sources to compile
[[1;34mINFO[m] 
[[1;34mINFO[m] [1m--- [0;32mevosuite-maven-plugin:1.0.6:prepare[m [1m(default)[m @ [36mcommons-jcs3-jcache-tck[0;1m ---[m
[[1;34mINFO[m] Preparing EvoSuite tests for execution
[[1;34mINFO[m] Analyzing test folder: /media/ISSTA_USER/extradrive1/toga-eval-issta-2023/oct172022/toga-eval-issta-2023/evosuite-artifacts/commons-jcs3-3.1-src/commons-jcs-tck-tests/target/test-classes
[[1;34mINFO[m] Found 0 EvoSuite scaffolding files
[[1;34mINFO[m] 
[[1;34mINFO[m] [1m--- [0;32manimal-sniffer-maven-plugin:1.19:check[m [1m(checkAPIcompatibility)[m @ [36mcommons-jcs3-jcache-tck[0;1m ---[m
[[1;34mINFO[m] Checking unresolved references to org.codehaus.mojo.signature:java18:1.0
[[1;34mINFO[m] 
[[1;34mINFO[m] [1m--- [0;32mmaven-surefire-plugin:2.17:test[m [1m(default-test)[m @ [36mcommons-jcs3-jcache-tck[0;1m ---[m
[[1;34mINFO[m] 
[[1;34mINFO[m] [1m-----------< [0;36morg.apache.commons:commons-jcs3-jcache-extras[0;1m >------------[m
[[1;34mINFO[m] [1mBuilding Apache Commons JCS :: JCache Extras 3.1                   [4/6][m
[[1;34mINFO[m] [1m--------------------------------[ jar ]---------------------------------[m
[[1;34mINFO[m] 
[[1;34mINFO[m] [1m--- [0;32mmaven-clean-plugin:3.1.0:clean[m [1m(default-clean)[m @ [36mcommons-jcs3-jcache-extras[0;1m ---[m
[[1;34mINFO[m] Deleting /media/ISSTA_USER/extradrive1/toga-eval-issta-2023/oct172022/toga-eval-issta-2023/evosuite-artifacts/commons-jcs3-3.1-src/commons-jcs-jcache-extras/target
[[1;34mINFO[m] 
[[1;34mINFO[m] [1m--- [0;32mmaven-enforcer-plugin:3.0.0-M3:enforce[m [1m(enforce-maven-version)[m @ [36mcommons-jcs3-jcache-extras[0;1m ---[m
[[1;34mINFO[m] 
[[1;34mINFO[m] [1m--- [0;32mmaven-enforcer-plugin:3.0.0-M3:enforce[m [1m(enforce-maven-3)[m @ [36mcommons-jcs3-jcache-extras[0;1m ---[m
[[1;34mINFO[m] 
[[1;34mINFO[m] [1m--- [0;32mapache-rat-plugin:0.13:check[m [1m(rat-check)[m @ [36mcommons-jcs3-jcache-extras[0;1m ---[m
[[1;34mINFO[m] RAT will not execute since it is configured to be skipped via system property 'rat.skip'.
[[1;34mINFO[m] 
[[1;34mINFO[m] [1m--- [0;32mbuild-helper-maven-plugin:3.2.0:parse-version[m [1m(parse-version)[m @ [36mcommons-jcs3-jcache-extras[0;1m ---[m
[[1;34mINFO[m] 
[[1;34mINFO[m] [1m--- [0;32mmaven-antrun-plugin:1.8:run[m [1m(javadoc.resources)[m @ [36mcommons-jcs3-jcache-extras[0;1m ---[m
[[1;34mINFO[m] Skipping Antrun execution
[[1;34mINFO[m] 
[[1;34mINFO[m] [1m--- [0;32mmaven-remote-resources-plugin:1.7.0:process[m [1m(process-resource-bundles)[m @ [36mcommons-jcs3-jcache-extras[0;1m ---[m
[[1;34mINFO[m] Preparing remote bundle org.apache:apache-jar-resource-bundle:1.4
[[1;34mINFO[m] Copying 3 resources from 1 bundle.
[[1;34mINFO[m] 
[[1;34mINFO[m] [1m--- [0;32mbuildnumber-maven-plugin:1.4:create[m [1m(default)[m @ [36mcommons-jcs3-jcache-extras[0;1m ---[m
[[1;34mINFO[m] Executing: /bin/sh -c cd '/media/ISSTA_USER/extradrive1/toga-eval-issta-2023/oct172022/toga-eval-issta-2023/evosuite-artifacts/commons-jcs3-3.1-src/commons-jcs-jcache-extras' && 'git' 'rev-parse' '--verify' 'HEAD'
[[1;34mINFO[m] Working directory: /media/ISSTA_USER/extradrive1/toga-eval-issta-2023/oct172022/toga-eval-issta-2023/evosuite-artifacts/commons-jcs3-3.1-src/commons-jcs-jcache-extras
[[1;34mINFO[m] Storing buildNumber: 9407b39a8593fec7f48223b40269cfb323fdff74 at timestamp: 1666036160224
[[1;34mINFO[m] Storing buildScmBranch: master
[[1;34mINFO[m] 
[[1;34mINFO[m] [1m--- [0;32mmaven-resources-plugin:3.1.0:resources[m [1m(default-resources)[m @ [36mcommons-jcs3-jcache-extras[0;1m ---[m
[[1;34mINFO[m] Using 'UTF-8' encoding to copy filtered resources.
[[1;34mINFO[m] Copying 1 resource
[[1;34mINFO[m] Copying 0 resource to META-INF
[[1;34mINFO[m] Copying 3 resources
[[1;34mINFO[m] 
[[1;34mINFO[m] [1m--- [0;32mmaven-compiler-plugin:3.8.1:compile[m [1m(default-compile)[m @ [36mcommons-jcs3-jcache-extras[0;1m ---[m
[[1;34mINFO[m] Changes detected - recompiling the module!
[[1;34mINFO[m] Compiling 13 source files to /media/ISSTA_USER/extradrive1/toga-eval-issta-2023/oct172022/toga-eval-issta-2023/evosuite-artifacts/commons-jcs3-3.1-src/commons-jcs-jcache-extras/target/classes
[[1;34mINFO[m] /media/ISSTA_USER/extradrive1/toga-eval-issta-2023/oct172022/toga-eval-issta-2023/evosuite-artifacts/commons-jcs3-3.1-src/commons-jcs-jcache-extras/src/main/java/org/apache/commons/jcs3/jcache/extras/cdi/CacheManagerBean.java: Some input files use or override a deprecated API.
[[1;34mINFO[m] /media/ISSTA_USER/extradrive1/toga-eval-issta-2023/oct172022/toga-eval-issta-2023/evosuite-artifacts/commons-jcs3-3.1-src/commons-jcs-jcache-extras/src/main/java/org/apache/commons/jcs3/jcache/extras/cdi/CacheManagerBean.java: Recompile with -Xlint:deprecation for details.
[[1;34mINFO[m] /media/ISSTA_USER/extradrive1/toga-eval-issta-2023/oct172022/toga-eval-issta-2023/evosuite-artifacts/commons-jcs3-3.1-src/commons-jcs-jcache-extras/src/main/java/org/apache/commons/jcs3/jcache/extras/loader/CompositeCacheLoader.java: Some input files use unchecked or unsafe operations.
[[1;34mINFO[m] /media/ISSTA_USER/extradrive1/toga-eval-issta-2023/oct172022/toga-eval-issta-2023/evosuite-artifacts/commons-jcs3-3.1-src/commons-jcs-jcache-extras/src/main/java/org/apache/commons/jcs3/jcache/extras/loader/CompositeCacheLoader.java: Recompile with -Xlint:unchecked for details.
[[1;34mINFO[m] 
[[1;34mINFO[m] [1m--- [0;32mmaven-bundle-plugin:5.1.1:manifest[m [1m(bundle-manifest)[m @ [36mcommons-jcs3-jcache-extras[0;1m ---[m
[[1;34mINFO[m] 
[[1;34mINFO[m] [1m--- [0;32mmaven-resources-plugin:3.1.0:testResources[m [1m(default-testResources)[m @ [36mcommons-jcs3-jcache-extras[0;1m ---[m
[[1;34mINFO[m] Using 'UTF-8' encoding to copy filtered resources.
[[1;34mINFO[m] skip non existing resourceDirectory /media/ISSTA_USER/extradrive1/toga-eval-issta-2023/oct172022/toga-eval-issta-2023/evosuite-artifacts/commons-jcs3-3.1-src/commons-jcs-jcache-extras/src/test/resources
[[1;34mINFO[m] Copying 0 resource to META-INF
[[1;34mINFO[m] Copying 3 resources
[[1;34mINFO[m] 
[[1;34mINFO[m] [1m--- [0;32mmaven-compiler-plugin:3.8.1:testCompile[m [1m(default-testCompile)[m @ [36mcommons-jcs3-jcache-extras[0;1m ---[m
[[1;34mINFO[m] Changes detected - recompiling the module!
[[1;34mINFO[m] Compiling 24 source files to /media/ISSTA_USER/extradrive1/toga-eval-issta-2023/oct172022/toga-eval-issta-2023/evosuite-artifacts/commons-jcs3-3.1-src/commons-jcs-jcache-extras/target/test-classes
[[1;34mINFO[m] /media/ISSTA_USER/extradrive1/toga-eval-issta-2023/oct172022/toga-eval-issta-2023/evosuite-artifacts/commons-jcs3-3.1-src/commons-jcs-jcache-extras/src/test/java/org/apache/commons/jcs3/jcache/extras/web/InMemoryResponse_ESTest.java: /media/ISSTA_USER/extradrive1/toga-eval-issta-2023/oct172022/toga-eval-issta-2023/evosuite-artifacts/commons-jcs3-3.1-src/commons-jcs-jcache-extras/src/test/java/org/apache/commons/jcs3/jcache/extras/web/InMemoryResponse_ESTest.java uses or overrides a deprecated API.
[[1;34mINFO[m] /media/ISSTA_USER/extradrive1/toga-eval-issta-2023/oct172022/toga-eval-issta-2023/evosuite-artifacts/commons-jcs3-3.1-src/commons-jcs-jcache-extras/src/test/java/org/apache/commons/jcs3/jcache/extras/web/InMemoryResponse_ESTest.java: Recompile with -Xlint:deprecation for details.
[[1;34mINFO[m] /media/ISSTA_USER/extradrive1/toga-eval-issta-2023/oct172022/toga-eval-issta-2023/evosuite-artifacts/commons-jcs3-3.1-src/commons-jcs-jcache-extras/src/test/java/org/apache/commons/jcs3/jcache/extras/web/JCacheFilter_ESTest.java: Some input files use unchecked or unsafe operations.
[[1;34mINFO[m] /media/ISSTA_USER/extradrive1/toga-eval-issta-2023/oct172022/toga-eval-issta-2023/evosuite-artifacts/commons-jcs3-3.1-src/commons-jcs-jcache-extras/src/test/java/org/apache/commons/jcs3/jcache/extras/web/JCacheFilter_ESTest.java: Recompile with -Xlint:unchecked for details.
[[1;34mINFO[m] 
[[1;34mINFO[m] [1m--- [0;32mevosuite-maven-plugin:1.0.6:prepare[m [1m(default)[m @ [36mcommons-jcs3-jcache-extras[0;1m ---[m
[[1;34mINFO[m] Preparing EvoSuite tests for execution
[[1;34mINFO[m] Analyzing test folder: /media/ISSTA_USER/extradrive1/toga-eval-issta-2023/oct172022/toga-eval-issta-2023/evosuite-artifacts/commons-jcs3-3.1-src/commons-jcs-jcache-extras/target/test-classes
[[1;34mINFO[m] Found 12 EvoSuite scaffolding files
[[1;34mINFO[m] 
[[1;34mINFO[m] [1m--- [0;32manimal-sniffer-maven-plugin:1.19:check[m [1m(checkAPIcompatibility)[m @ [36mcommons-jcs3-jcache-extras[0;1m ---[m
[[1;34mINFO[m] Checking unresolved references to org.codehaus.mojo.signature:java18:1.0
[[1;34mINFO[m] 
[[1;34mINFO[m] [1m--- [0;32mmaven-surefire-plugin:2.17:test[m [1m(default-test)[m @ [36mcommons-jcs3-jcache-extras[0;1m ---[m
[[1;34mINFO[m] Surefire report directory: /media/ISSTA_USER/extradrive1/toga-eval-issta-2023/oct172022/toga-eval-issta-2023/evosuite-artifacts/commons-jcs3-3.1-src/commons-jcs-jcache-extras/target/surefire-reports

-------------------------------------------------------
 T E S T S
-------------------------------------------------------
Executing org.evosuite.runtime.InitializingListener
Running org.apache.commons.jcs3.jcache.extras.web.JCacheFilter_ESTest
Tests run: 34, Failures: 0, Errors: 0, Skipped: 0, Time elapsed: 0.838 sec - in org.apache.commons.jcs3.jcache.extras.web.JCacheFilter_ESTest
Running org.apache.commons.jcs3.jcache.extras.web.InMemoryResponse_ESTest
Tests run: 77, Failures: 8, Errors: 0, Skipped: 2, Time elapsed: 0.177 sec <<< FAILURE! - in org.apache.commons.jcs3.jcache.extras.web.InMemoryResponse_ESTest
test22(org.apache.commons.jcs3.jcache.extras.web.InMemoryResponse_ESTest)  Time elapsed: 0.007 sec  <<< FAILURE!
java.lang.AssertionError: expected:<0> but was:<-92>
	at org.junit.Assert.fail(Assert.java:88)
	at org.junit.Assert.failNotEquals(Assert.java:834)
	at org.junit.Assert.assertEquals(Assert.java:645)
	at org.junit.Assert.assertEquals(Assert.java:631)
	at org.apache.commons.jcs3.jcache.extras.web.InMemoryResponse_ESTest.test22(InMemoryResponse_ESTest.java:516)

test64(org.apache.commons.jcs3.jcache.extras.web.InMemoryResponse_ESTest)  Time elapsed: 0.002 sec  <<< FAILURE!
java.lang.AssertionError: expected:<1> but was:<0>
	at org.junit.Assert.fail(Assert.java:88)
	at org.junit.Assert.failNotEquals(Assert.java:834)
	at org.junit.Assert.assertEquals(Assert.java:645)
	at org.junit.Assert.assertEquals(Assert.java:631)
	at org.apache.commons.jcs3.jcache.extras.web.InMemoryResponse_ESTest.test64(InMemoryResponse_ESTest.java:1276)

test60(org.apache.commons.jcs3.jcache.extras.web.InMemoryResponse_ESTest)  Time elapsed: 0.001 sec  <<< FAILURE!
java.lang.AssertionError: null
	at org.junit.Assert.fail(Assert.java:86)
	at org.junit.Assert.assertTrue(Assert.java:41)
	at org.junit.Assert.assertTrue(Assert.java:52)
	at org.apache.commons.jcs3.jcache.extras.web.InMemoryResponse_ESTest.test60(InMemoryResponse_ESTest.java:1230)

test70(org.apache.commons.jcs3.jcache.extras.web.InMemoryResponse_ESTest)  Time elapsed: 0.001 sec  <<< FAILURE!
java.lang.AssertionError: expected:<0> but was:<302>
	at org.junit.Assert.fail(Assert.java:88)
	at org.junit.Assert.failNotEquals(Assert.java:834)
	at org.junit.Assert.assertEquals(Assert.java:645)
	at org.junit.Assert.assertEquals(Assert.java:631)
	at org.apache.commons.jcs3.jcache.extras.web.InMemoryResponse_ESTest.test70(InMemoryResponse_ESTest.java:1341)

test74(org.apache.commons.jcs3.jcache.extras.web.InMemoryResponse_ESTest)  Time elapsed: 0.002 sec  <<< FAILURE!
java.lang.AssertionError: expected:<1> but was:<-68>
	at org.junit.Assert.fail(Assert.java:88)
	at org.junit.Assert.failNotEquals(Assert.java:834)
	at org.junit.Assert.assertEquals(Assert.java:645)
	at org.junit.Assert.assertEquals(Assert.java:631)
	at org.apache.commons.jcs3.jcache.extras.web.InMemoryResponse_ESTest.test74(InMemoryResponse_ESTest.java:1396)

test45(org.apache.commons.jcs3.jcache.extras.web.InMemoryResponse_ESTest)  Time elapsed: 0.001 sec  <<< FAILURE!
java.lang.AssertionError: expected:<1> but was:<0>
	at org.junit.Assert.fail(Assert.java:88)
	at org.junit.Assert.failNotEquals(Assert.java:834)
	at org.junit.Assert.assertEquals(Assert.java:645)
	at org.junit.Assert.assertEquals(Assert.java:631)
	at org.apache.commons.jcs3.jcache.extras.web.InMemoryResponse_ESTest.test45(InMemoryResponse_ESTest.java:972)

test47(org.apache.commons.jcs3.jcache.extras.web.InMemoryResponse_ESTest)  Time elapsed: 0.002 sec  <<< FAILURE!
java.lang.AssertionError: null
	at org.junit.Assert.fail(Assert.java:86)
	at org.junit.Assert.assertTrue(Assert.java:41)
	at org.junit.Assert.assertTrue(Assert.java:52)
	at org.apache.commons.jcs3.jcache.extras.web.InMemoryResponse_ESTest.test47(InMemoryResponse_ESTest.java:994)

test13(org.apache.commons.jcs3.jcache.extras.web.InMemoryResponse_ESTest)  Time elapsed: 0.003 sec  <<< FAILURE!
java.lang.AssertionError: expected:<1> but was:<0>
	at org.junit.Assert.fail(Assert.java:88)
	at org.junit.Assert.failNotEquals(Assert.java:834)
	at org.junit.Assert.assertEquals(Assert.java:645)
	at org.junit.Assert.assertEquals(Assert.java:631)
	at org.apache.commons.jcs3.jcache.extras.web.InMemoryResponse_ESTest.test13(InMemoryResponse_ESTest.java:338)

Running org.apache.commons.jcs3.jcache.extras.loader.CacheLoaderAdapter_ESTest
Tests run: 1, Failures: 0, Errors: 0, Skipped: 0, Time elapsed: 0 sec - in org.apache.commons.jcs3.jcache.extras.loader.CacheLoaderAdapter_ESTest
Running org.apache.commons.jcs3.jcache.extras.closeable.Closeables_ESTest
Tests run: 2, Failures: 0, Errors: 0, Skipped: 0, Time elapsed: 0.002 sec - in org.apache.commons.jcs3.jcache.extras.closeable.Closeables_ESTest
Running org.apache.commons.jcs3.jcache.extras.cdi.ExtraJCacheExtension_ESTest
Tests run: 7, Failures: 0, Errors: 0, Skipped: 0, Time elapsed: 0.407 sec - in org.apache.commons.jcs3.jcache.extras.cdi.ExtraJCacheExtension_ESTest
Running org.apache.commons.jcs3.jcache.extras.cdi.CacheManagerBean_ESTest
Tests run: 15, Failures: 1, Errors: 0, Skipped: 0, Time elapsed: 0.359 sec <<< FAILURE! - in org.apache.commons.jcs3.jcache.extras.cdi.CacheManagerBean_ESTest
test12(org.apache.commons.jcs3.jcache.extras.cdi.CacheManagerBean_ESTest)  Time elapsed: 0.006 sec  <<< FAILURE!
java.lang.AssertionError: null
	at org.junit.Assert.fail(Assert.java:86)
	at org.junit.Assert.assertTrue(Assert.java:41)
	at org.junit.Assert.assertTrue(Assert.java:52)
	at org.apache.commons.jcs3.jcache.extras.cdi.CacheManagerBean_ESTest.test12(CacheManagerBean_ESTest.java:152)

Running org.apache.commons.jcs3.jcache.extras.cdi.AnyLiteral_ESTest
Tests run: 1, Failures: 0, Errors: 0, Skipped: 0, Time elapsed: 0 sec - in org.apache.commons.jcs3.jcache.extras.cdi.AnyLiteral_ESTest
Running org.apache.commons.jcs3.jcache.extras.cdi.CacheProviderBean_ESTest
Tests run: 16, Failures: 1, Errors: 0, Skipped: 0, Time elapsed: 0.408 sec <<< FAILURE! - in org.apache.commons.jcs3.jcache.extras.cdi.CacheProviderBean_ESTest
test10(org.apache.commons.jcs3.jcache.extras.cdi.CacheProviderBean_ESTest)  Time elapsed: 0.002 sec  <<< FAILURE!
java.lang.AssertionError: null
	at org.junit.Assert.fail(Assert.java:86)
	at org.junit.Assert.assertTrue(Assert.java:41)
	at org.junit.Assert.assertTrue(Assert.java:52)
	at org.apache.commons.jcs3.jcache.extras.cdi.CacheProviderBean_ESTest.test10(CacheProviderBean_ESTest.java:105)

Running org.apache.commons.jcs3.jcache.extras.cdi.DefaultLiteral_ESTest
Tests run: 1, Failures: 0, Errors: 0, Skipped: 0, Time elapsed: 0.004 sec - in org.apache.commons.jcs3.jcache.extras.cdi.DefaultLiteral_ESTest
Running org.apache.commons.jcs3.jcache.extras.writer.CompositeCacheWriter_ESTest
Tests run: 12, Failures: 0, Errors: 0, Skipped: 0, Time elapsed: 3.148 sec - in org.apache.commons.jcs3.jcache.extras.writer.CompositeCacheWriter_ESTest
Running org.apache.commons.jcs3.jcache.extras.writer.AsyncCacheWriter_ESTest
Tests run: 8, Failures: 0, Errors: 0, Skipped: 0, Time elapsed: 0.122 sec - in org.apache.commons.jcs3.jcache.extras.writer.AsyncCacheWriter_ESTest
Running org.apache.commons.jcs3.jcache.extras.writer.CacheWriterAdapter_ESTest
Tests run: 1, Failures: 0, Errors: 0, Skipped: 0, Time elapsed: 0.002 sec - in org.apache.commons.jcs3.jcache.extras.writer.CacheWriterAdapter_ESTest

Results :

Failed tests: 
  InMemoryResponse_ESTest.test22:516 expected:<0> but was:<-92>
  InMemoryResponse_ESTest.test64:1276 expected:<1> but was:<0>
  InMemoryResponse_ESTest.test60:1230 null
  InMemoryResponse_ESTest.test70:1341 expected:<0> but was:<302>
  InMemoryResponse_ESTest.test74:1396 expected:<1> but was:<-68>
  InMemoryResponse_ESTest.test45:972 expected:<1> but was:<0>
  InMemoryResponse_ESTest.test47:994 null
  InMemoryResponse_ESTest.test13:338 expected:<1> but was:<0>
  CacheManagerBean_ESTest.test12:152 null
  CacheProviderBean_ESTest.test10:105 null

Tests run: 175, Failures: 10, Errors: 0, Skipped: 2

[[1;34mINFO[m] [1m------------------------------------------------------------------------[m
[[1;34mINFO[m] [1mReactor Summary for Apache Commons JCS 3.1:[m
[[1;34mINFO[m] 
[[1;34mINFO[m] Apache Commons JCS ................................. [1;32mSUCCESS[m [  1.449 s]
[[1;34mINFO[m] Apache Commons JCS :: Core ......................... [1;32mSUCCESS[m [  3.715 s]
[[1;34mINFO[m] Apache Commons JCS :: JCache TCK ................... [1;32mSUCCESS[m [  0.909 s]
[[1;34mINFO[m] Apache Commons JCS :: JCache Extras ................ [1;31mFAILURE[m [  7.993 s]
[[1;34mINFO[m] Apache Commons JCS :: JCache OpenJPA ............... [1;33mSKIPPED[m
[[1;34mINFO[m] Apache Commons JCS :: Distribution ................. [1;33mSKIPPED[m
[[1;34mINFO[m] [1m------------------------------------------------------------------------[m
[[1;34mINFO[m] [1;31mBUILD FAILURE[m
[[1;34mINFO[m] [1m------------------------------------------------------------------------[m
[[1;34mINFO[m] Total time:  14.215 s
[[1;34mINFO[m] Finished at: 2022-10-17T15:49:28-04:00
[[1;34mINFO[m] [1m------------------------------------------------------------------------[m
[[1;31mERROR[m] Failed to execute goal [32morg.apache.maven.plugins:maven-surefire-plugin:2.17:test[m [1m(default-test)[m on project [36mcommons-jcs3-jcache-extras[m: [1;31mThere are test failures.[m
[[1;31mERROR[m] [1;31m[m
[[1;31mERROR[m] [1;31mPlease refer to /media/ISSTA_USER/extradrive1/toga-eval-issta-2023/oct172022/toga-eval-issta-2023/evosuite-artifacts/commons-jcs3-3.1-src/commons-jcs-jcache-extras/target/surefire-reports for the individual test results.[m
[[1;31mERROR[m] -> [1m[Help 1][m
[[1;31mERROR[m] 
[[1;31mERROR[m] To see the full stack trace of the errors, re-run Maven with the [1m-e[m switch.
[[1;31mERROR[m] Re-run Maven using the [1m-X[m switch to enable full debug logging.
[[1;31mERROR[m] 
[[1;31mERROR[m] For more information about the errors and possible solutions, please read the following articles:
[[1;31mERROR[m] [1m[Help 1][m http://cwiki.apache.org/confluence/display/MAVEN/MojoFailureException
[[1;31mERROR[m] 
[[1;31mERROR[m] After correcting the problems, you can resume the build with the command
[[1;31mERROR[m]   [1mmvn <args> -rf :commons-jcs3-jcache-extras[m
